1543406616196	mozrunner::runner	INFO	Running command: "/Applications/Firefox.app/Contents/MacOS/firefox-bin" "-marionette" "-foreground" "-no-remote" "-profile" "/var/folders/91/z9b1dj2j1nd3sgdvy_w5cys40000gn/T/rust_mozprofile.RSwRJgJ03e7u"
1543406618423	Marionette	INFO	Listening on port 58865
1543406618473	Marionette	WARN	TLS certificate errors will be ignored for this session
1543406628246	Marionette	INFO	Stopped listening on port 58865
JavaScript error: resource://onboarding/onboarding.js, line 33: NS_ERROR_NOT_AVAILABLE: 
1543406783322	mozrunner::runner	INFO	Running command: "/Applications/Firefox.app/Contents/MacOS/firefox-bin" "-marionette" "-foreground" "-no-remote" "-profile" "/var/folders/91/z9b1dj2j1nd3sgdvy_w5cys40000gn/T/rust_mozprofile.WpDyOzUcE21J"
1543406785252	Marionette	INFO	Listening on port 58935
1543406785258	Marionette	WARN	TLS certificate errors will be ignored for this session
1543406798771	Marionette	INFO	Stopped listening on port 58935
1543407047570	mozrunner::runner	INFO	Running command: "/Applications/Firefox.app/Contents/MacOS/firefox-bin" "-marionette" "-foreground" "-no-remote" "-profile" "/var/folders/91/z9b1dj2j1nd3sgdvy_w5cys40000gn/T/rust_mozprofile.RnFKdjCbwwJw"
1543407050129	Marionette	INFO	Listening on port 59021
1543407050233	Marionette	WARN	TLS certificate errors will be ignored for this session
1543407063738	Marionette	INFO	Stopped listening on port 59021
1543407126466	mozrunner::runner	INFO	Running command: "/Applications/Firefox.app/Contents/MacOS/firefox-bin" "-marionette" "-foreground" "-no-remote" "-profile" "/var/folders/91/z9b1dj2j1nd3sgdvy_w5cys40000gn/T/rust_mozprofile.Ye4UzHwCzh0P"
1543407128948	Marionette	INFO	Listening on port 59095
1543407128994	Marionette	WARN	TLS certificate errors will be ignored for this session
1543407139009	Marionette	INFO	Stopped listening on port 59095
1543407258925	mozrunner::runner	INFO	Running command: "/Applications/Firefox.app/Contents/MacOS/firefox-bin" "-marionette" "-foreground" "-no-remote" "-profile" "/var/folders/91/z9b1dj2j1nd3sgdvy_w5cys40000gn/T/rust_mozprofile.JHPY9VSGkZbr"
1543407261874	Marionette	INFO	Listening on port 59174
1543407261958	Marionette	WARN	TLS certificate errors will be ignored for this session
1543407274157	Marionette	INFO	Stopped listening on port 59174
1543407553733	mozrunner::runner	INFO	Running command: "/Applications/Firefox.app/Contents/MacOS/firefox-bin" "-marionette" "-foreground" "-no-remote" "-profile" "/var/folders/91/z9b1dj2j1nd3sgdvy_w5cys40000gn/T/rust_mozprofile.BTxZkmN2B1uw"
1543407556458	Marionette	INFO	Listening on port 59277
1543407556528	Marionette	WARN	TLS certificate errors will be ignored for this session
1543407568756	Marionette	INFO	Stopped listening on port 59277
1543407667871	mozrunner::runner	INFO	Running command: "/Applications/Firefox.app/Contents/MacOS/firefox-bin" "-marionette" "-foreground" "-no-remote" "-profile" "/var/folders/91/z9b1dj2j1nd3sgdvy_w5cys40000gn/T/rust_mozprofile.VpHnB6wIjqUx"
1543407670497	Marionette	INFO	Listening on port 59361
1543407670587	Marionette	WARN	TLS certificate errors will be ignored for this session
1543407681436	Marionette	INFO	Stopped listening on port 59361
1543407750640	mozrunner::runner	INFO	Running command: "/Applications/Firefox.app/Contents/MacOS/firefox-bin" "-marionette" "-foreground" "-no-remote" "-profile" "/var/folders/91/z9b1dj2j1nd3sgdvy_w5cys40000gn/T/rust_mozprofile.KdJTFHMdn88c"
1543407752724	Marionette	INFO	Listening on port 59427
1543407752824	Marionette	WARN	TLS certificate errors will be ignored for this session
1543407763883	Marionette	INFO	Stopped listening on port 59427
1543407801302	mozrunner::runner	INFO	Running command: "/Applications/Firefox.app/Contents/MacOS/firefox-bin" "-marionette" "-foreground" "-no-remote" "-profile" "/var/folders/91/z9b1dj2j1nd3sgdvy_w5cys40000gn/T/rust_mozprofile.eAxTcCic4RLF"
1543407803352	Marionette	INFO	Listening on port 59485
1543407803376	Marionette	WARN	TLS certificate errors will be ignored for this session
1543407812239	Marionette	INFO	Stopped listening on port 59485
1543407857105	mozrunner::runner	INFO	Running command: "/Applications/Firefox.app/Contents/MacOS/firefox-bin" "-marionette" "-foreground" "-no-remote" "-profile" "/var/folders/91/z9b1dj2j1nd3sgdvy_w5cys40000gn/T/rust_mozprofile.lfTIJDofLjpK"
1543407858879	Marionette	INFO	Listening on port 59546
1543407858959	Marionette	WARN	TLS certificate errors will be ignored for this session
1543407869513	Marionette	INFO	Stopped listening on port 59546
1543408127421	mozrunner::runner	INFO	Running command: "/Applications/Firefox.app/Contents/MacOS/firefox-bin" "-marionette" "-foreground" "-no-remote" "-profile" "/var/folders/91/z9b1dj2j1nd3sgdvy_w5cys40000gn/T/rust_mozprofile.obAnx3e8MOQQ"
1543408129329	Marionette	INFO	Listening on port 59622
1543408129374	Marionette	WARN	TLS certificate errors will be ignored for this session
1543408139023	Marionette	INFO	Stopped listening on port 59622

###!!! [Child][RunMessage] Error: Channel closing: too late to send/recv, messages will be lost

1543408188507	mozrunner::runner	INFO	Running command: "/Applications/Firefox.app/Contents/MacOS/firefox-bin" "-marionette" "-foreground" "-no-remote" "-profile" "/var/folders/91/z9b1dj2j1nd3sgdvy_w5cys40000gn/T/rust_mozprofile.co4YMjqM0JLa"
1543408190541	Marionette	INFO	Listening on port 59677
1543408190644	Marionette	WARN	TLS certificate errors will be ignored for this session
1543408201419	Marionette	INFO	Stopped listening on port 59677
1543408247529	mozrunner::runner	INFO	Running command: "/Applications/Firefox.app/Contents/MacOS/firefox-bin" "-marionette" "-foreground" "-no-remote" "-profile" "/var/folders/91/z9b1dj2j1nd3sgdvy_w5cys40000gn/T/rust_mozprofile.SJewRyJT6SVx"
1543408250473	Marionette	INFO	Listening on port 59744
1543408250524	Marionette	WARN	TLS certificate errors will be ignored for this session
1543408264363	Marionette	INFO	Stopped listening on port 59744
1543408290200	mozrunner::runner	INFO	Running command: "/Applications/Firefox.app/Contents/MacOS/firefox-bin" "-marionette" "-foreground" "-no-remote" "-profile" "/var/folders/91/z9b1dj2j1nd3sgdvy_w5cys40000gn/T/rust_mozprofile.TfcKeictIXdM"
1543408292248	Marionette	INFO	Listening on port 59813
1543408292264	Marionette	WARN	TLS certificate errors will be ignored for this session
1543408300436	Marionette	INFO	Stopped listening on port 59813
1543408405996	mozrunner::runner	INFO	Running command: "/Applications/Firefox.app/Contents/MacOS/firefox-bin" "-marionette" "-foreground" "-no-remote" "-profile" "/var/folders/91/z9b1dj2j1nd3sgdvy_w5cys40000gn/T/rust_mozprofile.58g2glZ0Biid"
1543408408372	Marionette	INFO	Listening on port 59882
1543408408407	Marionette	WARN	TLS certificate errors will be ignored for this session
1543408420191	Marionette	INFO	Stopped listening on port 59882
1543408468105	mozrunner::runner	INFO	Running command: "/Applications/Firefox.app/Contents/MacOS/firefox-bin" "-marionette" "-foreground" "-no-remote" "-profile" "/var/folders/91/z9b1dj2j1nd3sgdvy_w5cys40000gn/T/rust_mozprofile.0ZgKQnIrFvFY"
1543408470385	Marionette	INFO	Listening on port 59944
1543408470465	Marionette	WARN	TLS certificate errors will be ignored for this session
1543408481647	Marionette	INFO	Stopped listening on port 59944
1543408669428	mozrunner::runner	INFO	Running command: "/Applications/Firefox.app/Contents/MacOS/firefox-bin" "-marionette" "-foreground" "-no-remote" "-profile" "/var/folders/91/z9b1dj2j1nd3sgdvy_w5cys40000gn/T/rust_mozprofile.7rOgsdBZeV7s"
1543408672342	Marionette	INFO	Listening on port 60012
1543408672457	Marionette	WARN	TLS certificate errors will be ignored for this session
1543408680897	Marionette	INFO	Stopped listening on port 60012
1543408741500	mozrunner::runner	INFO	Running command: "/Applications/Firefox.app/Contents/MacOS/firefox-bin" "-marionette" "-foreground" "-no-remote" "-profile" "/var/folders/91/z9b1dj2j1nd3sgdvy_w5cys40000gn/T/rust_mozprofile.bSZ7hEq9Hg7P"
1543408743967	Marionette	INFO	Listening on port 60085
1543408743978	Marionette	WARN	TLS certificate errors will be ignored for this session
1543408753861	Marionette	INFO	Stopped listening on port 60085
1543408793257	mozrunner::runner	INFO	Running command: "/Applications/Firefox.app/Contents/MacOS/firefox-bin" "-marionette" "-foreground" "-no-remote" "-profile" "/var/folders/91/z9b1dj2j1nd3sgdvy_w5cys40000gn/T/rust_mozprofile.5eZ5tItValD2"
1543408795815	Marionette	INFO	Listening on port 60146
1543408795874	Marionette	WARN	TLS certificate errors will be ignored for this session
1543408806578	Marionette	INFO	Stopped listening on port 60146
1543408837675	mozrunner::runner	INFO	Running command: "/Applications/Firefox.app/Contents/MacOS/firefox-bin" "-marionette" "-foreground" "-no-remote" "-profile" "/var/folders/91/z9b1dj2j1nd3sgdvy_w5cys40000gn/T/rust_mozprofile.46CTUuZ0cj8I"
1543408840013	Marionette	INFO	Listening on port 60211
1543408840097	Marionette	WARN	TLS certificate errors will be ignored for this session
1543408849150	Marionette	INFO	Stopped listening on port 60211
1543408903571	mozrunner::runner	INFO	Running command: "/Applications/Firefox.app/Contents/MacOS/firefox-bin" "-marionette" "-foreground" "-no-remote" "-profile" "/var/folders/91/z9b1dj2j1nd3sgdvy_w5cys40000gn/T/rust_mozprofile.GAkC3jlc0Fuu"
1543408906628	Marionette	INFO	Listening on port 60305
1543408906672	Marionette	WARN	TLS certificate errors will be ignored for this session
1543408917644	Marionette	INFO	Stopped listening on port 60305
1543408964406	mozrunner::runner	INFO	Running command: "/Applications/Firefox.app/Contents/MacOS/firefox-bin" "-marionette" "-foreground" "-no-remote" "-profile" "/var/folders/91/z9b1dj2j1nd3sgdvy_w5cys40000gn/T/rust_mozprofile.a9LLHvIOoU5h"
1543408966534	Marionette	INFO	Listening on port 60377
1543408966579	Marionette	WARN	TLS certificate errors will be ignored for this session
1543408977374	Marionette	INFO	Stopped listening on port 60377
1543408978810	mozrunner::runner	INFO	Running command: "/Applications/Firefox.app/Contents/MacOS/firefox-bin" "-marionette" "-foreground" "-no-remote" "-profile" "/var/folders/91/z9b1dj2j1nd3sgdvy_w5cys40000gn/T/rust_mozprofile.VGOT5MbScqLI"
1543408980643	Marionette	INFO	Listening on port 60432
1543408980662	Marionette	WARN	TLS certificate errors will be ignored for this session
1543408989703	Marionette	INFO	Stopped listening on port 60432
1543408991466	mozrunner::runner	INFO	Running command: "/Applications/Firefox.app/Contents/MacOS/firefox-bin" "-marionette" "-foreground" "-no-remote" "-profile" "/var/folders/91/z9b1dj2j1nd3sgdvy_w5cys40000gn/T/rust_mozprofile.OmaJLg2EZEkt"
1543408993233	Marionette	INFO	Listening on port 60487
1543408993251	Marionette	WARN	TLS certificate errors will be ignored for this session
1543409002521	Marionette	INFO	Stopped listening on port 60487
1543409004067	mozrunner::runner	INFO	Running command: "/Applications/Firefox.app/Contents/MacOS/firefox-bin" "-marionette" "-foreground" "-no-remote" "-profile" "/var/folders/91/z9b1dj2j1nd3sgdvy_w5cys40000gn/T/rust_mozprofile.9Tj4GkNX7nVT"
1543409005813	Marionette	INFO	Listening on port 60540
1543409005820	Marionette	WARN	TLS certificate errors will be ignored for this session
1543409016105	Marionette	INFO	Stopped listening on port 60540
